Mensagem original
"How can you challenge a perfect, immortal machine?"

Inicialização do estado
00000000000000000000000000000000000000000000000000000000000000000000000000000000
00000000000000000000000000000000000000000000000000000000000000000000000000000000
00000000000000000000000000000000000000000000000000000000000000000000000000000000
00000000000000000000000000000000000000000000000000000000000000000000000000000000
00000000000000000000000000000000000000000000000000000000000000000000000000000000

Rodada 1
Após θ
9250a6b401cac3d8ba85eab3afa921a46290ffdd8dcc8ee8145cd2c6dbdea77d8a18922b890a030e
d174e9ae40cacadff499bae489ca49c50efc9ab3eaa9ae89342cb7b4bdbbc409a638fb46e465717a
b018c9c321a9a2b69afc85c68fca49c50efc9ab3eaa9ae89342cb7b4bdbbc409a638fb46e465717a
b018c9c321a9a2b69afc85c68fca49c50efc9ab3eaa9ae09342cb7b4bdbbc409a638fb46e465717a
b018c9c321a9a2b69afc85c68fca49c50efc9ab3eaa9ae89342cb7b4bdbbc409a638fb46e465717a

Após ρ + π
9250a6b401cac3d84b9ea89c544c9fa99c554f754d74e0d797388186e596b6779c9e29cebe117959
ed7dda47c1256dbc16a7678ab36f445e85c5481e0e4915b5d0f85139a95893bf815f73563dd535d1
750bd5675f534348a203bfe6ac7aaa6b77891368586e697b7aa638fb46e465718adac262240f87a4
54187050c4905c490aa4acfc1d4d97ee156bf2171a3f2a27d704077ecd59f5542cb7b4bdbbc40934
18e47f7723b323ba965bdade5de2041a23f2b2383d539c7d874352456d6131926bf2171a3f2a2715

Após χ
0611e1d508faa38e48b6281ef4ce898994d3673d5775a9df957807b6e45c34f7d51021c6ea156578
6c3dd253cd257c1d469f76ab127fc65484c26a581acc31f5bcd8d9386978db9393dd56de0f9f3593
2083d56f0f570258aa259775aafaae6bf7d1d1687865ebff0fa72dfe1db4253908dae8e284272f87
41532253c6a27448c8a0a994d80d42be3dd8429628bb2207870c473e8949a11d26133811a2898a92
39445f5703a2bbdf125a9a9b1dc225984b42b7222f599a7897473a206df03138ede99792636a2315

Após ι
0711e1d508faa38e48b6281ef4ce898994d3673d5775a9df957807b6e45c34f7d51021c6ea156578
6c3dd253cd257c1d469f76ab127fc65484c26a581acc31f5bcd8d9386978db9393dd56de0f9f3593
2083d56f0f570258aa259775aafaae6bf7d1d1687865ebff0fa72dfe1db4253908dae8e284272f87
41532253c6a27448c8a0a994d80d42be3dd8429628bb2207870c473e8949a11d26133811a2898a92
39445f5703a2bbdf125a9a9b1dc225984b42b7222f599a7897473a206df03138ede99792636a2315

Rodada 2
Após θ
7f102433bbbd784458bbe1819e3a0d8086bd812f36a39bbf0ff94ffd96ff538a852c9873812c1ab8
143c17b57e62a7d75692bf34788b425d96ac8c4a7b1a0395265991731bdbbceec3e1ef6b64a64a53
58821089bc10d992ba285eeac00e2a62e5bf377a19b3d99f952665b56f17424458e65157ef1e5047
3952e7b575e5af82d8ad600bb2f9c6b72fb6a484496d10671d8d0f75fbeac660762f81a4c9b0f552
41459ab1b0e56015025753047736a191592c51304e8fa8180dc6726b1f535645bdd52e2708535cd5

Após ρ + π
7f102433bbbd78444b83b728d46525f9d1cb98cdfe2cffbddd18aca3f1a16e5f57756fb5cb09c214
f93fa5f890ffd46faa34351cfebe4666c4128448e485c8966c4136dff816bb158b250ac6e9111523
b176c3033d751a00a5252ba3d29ec6402e84882a4dca6adf52762f81a4c9b0f58355041569c6c296
64d1c02d64c19c0beb27767a4dc1735188e9a278a9033ba888b3175b52c2a436c6726b1f5356450d
616fe08bcde8e6afacc8b98d6d5e7793ab770fa8232cf3a86bebca5f0573a4ce0a5c4d11dcd98446

Após χ
ef582cf691b5a2404793930ad5e425bbd3aedbd9f4247fbdf518aca1c115561f57f6fcbd8f49c7ad
bd3d25b890fe5cff8275078be6ac756747368c48e584ccb41c5b93e7e8f87b5989251ac287111723
bbf6430b3035329ff5570c22729f5660af85883e04cc28dd6254ec83b0f8a8f587542cb5ab4c06d6
6419402dc4c394a3eb3563791f01f747cea9ca7ca8177aa1a832977b76433c344d545d4d5a56265d
6258e6abcfc86687ec4079da690d73d5ab630aa8fba4f3a80ac86ad50453c66786dc5415fccf9556

Após ι
6dd82cf691b5a2404793930ad5e425bbd3aedbd9f4247fbdf518aca1c115561f57f6fcbd8f49c7ad
bd3d25b890fe5cff8275078be6ac756747368c48e584ccb41c5b93e7e8f87b5989251ac287111723
bbf6430b3035329ff5570c22729f5660af85883e04cc28dd6254ec83b0f8a8f587542cb5ab4c06d6
6419402dc4c394a3eb3563791f01f747cea9ca7ca8177aa1a832977b76433c344d545d4d5a56265d
6258e6abcfc86687ec4079da690d73d5ab630aa8fba4f3a80ac86ad50453c66786dc5415fccf9556

Rodada 3
Após θ
915fea65fa8ec24e976f403f632f3e05b7b0040f15f403538fd035ff8cd08f64a4bf0a5111a6c445
41bae32bfbc53cf15289d4be50676ed92328539e0454b05a66930ab9a53da2227a6cec2e19fe14cb
477185985b0e529125abdf17c4544ddecb9b57e8e51c5433189c75ddfd3d718e741dda5935a3053e
989e86beaff8f4ad3bc9b04ca9caecf9aab715aa49c7064fd2fa0e253b86e54fbe1daba1c4b925b5
9edf2038a4f306893cbcaaefdfc6686bcf7dd57e1a748f467000f38b49961f1c7595a2f9622096be

Após ρ + π
915fea65fa8ec24eed0b75e6962d9548422fe7a09a59debcb0fc495adfa164c7a56f5da568be1888
08fd48f6085df3cf4fb1acc7c6ee92e13c8a2bc4dc72908a962955993d7f2719b9afda4f83eed1e8
2edf807ec65e7c0ad608ca94270115ac7be21c3138ebbafbb5be1daba1c4b9251b247a7e83e090ce
30252e22fd55888ab25fcc131fa43bbe7997ac7e5f1053358327d5db0ad5a46300f38b49961f1c70
2d2cc14305fdc0d44985dcd21e5111b3ac9ad1021fba0eed7d5ff1e95b313d0df1f0aabe7f1ba3ad

Após χ
937b6865f2de88fa5ddb7dbcd38db50b472cf305ba47c6b4a0eceb1a4da1a681c96f48276c9f0d88
38f74bf6104df3c5cd90f8dee7e3b5f0150ca1825ef2406a96795529356e051efeaf7e4e454cd1c8
073d945fdeb4d6595214cb1ea60514a871e27e653acbba3191659dabe5dad525cb2430fea2e1916a
79a50e4ebd45c88b307f9d921f619ffc7947a67ecb1a4b25b323f1f9639524e982a94b5894bf2f44
8936c0430457ce9818c0fc3b5e5020b32c3adb143bb08c4d7153b0a85bd57d5db171b62e651bb28e

Após ι
19fb6865f2de887a5ddb7dbcd38db50b472cf305ba47c6b4a0eceb1a4da1a681c96f48276c9f0d88
38f74bf6104df3c5cd90f8dee7e3b5f0150ca1825ef2406a96795529356e051efeaf7e4e454cd1c8
073d945fdeb4d6595214cb1ea60514a871e27e653acbba3191659dabe5dad525cb2430fea2e1916a
79a50e4ebd45c88b307f9d921f619ffc7947a67ecb1a4b25b323f1f9639524e982a94b5894bf2f44
8936c0430457ce9818c0fc3b5e5020b32c3adb143bb08c4d7153b0a85bd57d5db171b62e651bb28e

Rodada 4
Após θ
0206cc2e2ffd0ea36607a76d0b10e9f167cc194222b633b4492a4c519659fcc701aad96cc2a1746d
230aefbdcd6e751cf64c220f3f7ee90a35ec4bc5c603b56a7fbff262ee965f58366aef05eb72a82d
1cc030140397508069c811cf7e98485251029422a23a4f3178a33ae03e228f6303e1a1b50cdfe88f
6258aa0560664e520ba34743c7fcc30659a74c3953ebbe255ae556b2b86d7eaf4a6cda133a8156a1
92cb6408d9744841231c26ea86cd7c490cda3153a341794d989517e3802d271b79b42765cb25cb6b

Após ρ + π
0206cc2e2ffd0ea3f2f0e397ae60cf241411d5798a8912a0cdef55abdc4a16b7f25a1eed49d972c9
99c57f9ca4c2146587da62a3f65eb02ee40086a118b8840268e8987fd86061f4413b666a3428af89
cd0e4edb1620d2e35a0dfb52b1f140ad441ec7f04675c07da14a6cda133a81562105492e932164d3
0ea56b0b50cd6613dbec56c731a2f0de49a521473cfb6122df92ac53a69ca9759517e3802d271b98
1973869088ed0ced5f793177cb2facbf5a866ff4c781f0d00bc0cc9ca4c4b0548d7098a81b36f325

Após χ
0607d8462f741e233b1ee315fa22cb332601df3d8b1872e8cdeb95a9fa6e1a9502aa3d7cc9d9b3cd
f9c5fb9cac6210658f327afd361ed1dae513e0a13cb00a0bf02c81eb58a271904721664966340f83
c91c4a7b502452b3fb4dd358a0fb41af441bc6d4c674a4fc6d406a0b173a13763304f82e32f064df
0ea44a0b5c9467334dfedad7b3a6788b49a062c735d873aad532a458f654cd76445ff7440c058b54
19f5c8108c6d5cad5e39b17feb6bacbbdeb67fd4dcb3b3f11bc3ca8c240dbc9ccb78a9cf58345337

Após ι
0687d8c62f741ea33b1ee315fa22cb332601df3d8b1872e8cdeb95a9fa6e1a9502aa3d7cc9d9b3cd
f9c5fb9cac6210658f327afd361ed1dae513e0a13cb00a0bf02c81eb58a271904721664966340f83
c91c4a7b502452b3fb4dd358a0fb41af441bc6d4c674a4fc6d406a0b173a13763304f82e32f064df
0ea44a0b5c9467334dfedad7b3a6788b49a062c735d873aad532a458f654cd76445ff7440c058b54
19f5c8108c6d5cad5e39b17feb6bacbbdeb67fd4dcb3b3f11bc3ca8c240dbc9ccb78a9cf58345337

Rodada 5
Após θ
476366668e4c00bc3a2fc098c9869550474ade1f704ceeac2ea58ad3f1800635dfc2fb94a8e07582
b821453c0d5a0e7a8e03597005ba8fb98458e183c7e4964f13629e91534c6d309a49a0a1070dc9cc
88f8f4dbf11c4cacfa7cf0d5935f1fcc2550c7f63d2038b88e0e75711cd40fd6ee6c3ec653c9a290
4f40f4abfdac792c4ccff95a800226e828eb63e5ce8cefee367cbb22fdbad1d6993731ac6d3c4d1b
581176b02d5542b25f0892f2d8cff2d8bffd7ef627e72fb5f88dd5f62fe3a03c16106f27390d9578

Após ρ + π
476366668e4c00bc0557a0fb98eb3890b6ef01c1c12d813a37dada866f57a45f259e05c4db494e43
0f6850e352aa381d90ccac99041a7ad045c4a7df8ee760625f0b50c0049de939b7dfcffee4fca5f6
745e8031930d2ba1132156f8e031b9e5a81fac1d1deae2381b993731ac6d3c4d09c96245d8c1b654
05af13fc16dea744d3a0e5a0871b52c430ebf3c1574f7e7d777794f5b17267c68dd5f62fe3a03cf8
9192f7071c933beb31cfc829a6369809e3a964514877361f57fb59f3589e80e87f2148ca633fcb63

Após χ
f5cb6766cf48819604477afdb6b91cd5b6eb04815125cb3a75bbb8a46b53a4e3258a855dcbea7643
4a6853a5d84f383f8ac7fc990402f3c9e51028e16e8764a4572b40c1169ff130275b63e6e0ece736
dc4028348ec769b900a145d84034a5a0a85fec594d6a60286f8fb701af6135ec0ae8348db8f12610
25e401bd469a8b7d94b4e194272b5346b86b91cb15cf6645775d9525a52ce4c25fd5122f62a16c78
53b2d35754d21dfd259dd18bb6be18e9cba964596b567d1cd769eef6441eb0605f6c40e2c11b4b63

Após ι
7e4b6766cf48819604477afdb6b91cd5b6eb04815125cb3a75bbb8a46b53a4e3258a855dcbea7643
4a6853a5d84f383f8ac7fc990402f3c9e51028e16e8764a4572b40c1169ff130275b63e6e0ece736
dc4028348ec769b900a145d84034a5a0a85fec594d6a60286f8fb701af6135ec0ae8348db8f12610
25e401bd469a8b7d94b4e194272b5346b86b91cb15cf6645775d9525a52ce4c25fd5122f62a16c78
53b2d35754d21dfd259dd18bb6be18e9cba964596b567d1cd769eef6441eb0605f6c40e2c11b4b63

Rodada 6
Após θ
08db01da383113ce8bbfdeb62493f29a52b49f4c5501a313eddd8cf8069850f1f5ca2dd1ee64cffe
3cf835192f36aa67053f58d296281d86014fb32c6aa30c8dcf4d749d7b540522f71bcb6ac5625e8b
aad04e8879befbe18f59e193d21e4bef4c007794494e0801f7e9835dc2aac1fedaa89c019d7f9fad
53746701b1e319251b4c45dfb501bd095c340a0611eb0e6cef3ba179c8e710d08f95baa3472fd5c5
2522b5eba3ab8fa5aa6575c02494f6a62ff6ff946f7215354f0fdaaa29d544728f2ce86ee495f2de

Após ρ + π
08db01da383113ce256d89d26158f083a34c7242086002b81c02fa7d27340ff9bcf7230bba1b79a5
800915dfdecd886fe6b578bfb1ac562c57857642ccf3dd0fe8bb36a0376183a9c5fe9ff24daea2e6
177fbd6d4926e53563c0d32c8bda28435583fdefd307bb84c58f95baa3472fd53e969688d4ae8fae
277bf6af576e8976f162a37ac6835f93bd3f66854f4a7b2c07362e1a058388750fdaaa29d544724f
14ed275355c0e88426bace3daa0291e780cebfcf566d54ce0262c7334aa6e8ceaa96d5019350da9b

Após χ
8adb73da301111f6396f01ef464cfdc203b97340906b72bc1c0afaad27140db399d3ab0bfb5399a4
9109139f929e016c4e8f781f82ac548c52c1ff10847dfd49e8ba36ada5208ba0a34af7d26c8ef4e6
037c91ae192376b1e3ccd33cab9a2c126f93ffef87af3baec4e6bcdfaa474fc45e16d488567687ec
2b66b22a5e26a95af362ab60c602dfc2b5f7e6a49f0e092627177a9c07a90145dfdaab7955c524ce
94a9169101adac8c249a8e0da28039e7285aafcfc73d46df160be5610e26c8ca88841d2d3952cbf8

Após ι
8bdb735a301111f6396f01ef464cfdc203b97340906b72bc1c0afaad27140db399d3ab0bfb5399a4
9109139f929e016c4e8f781f82ac548c52c1ff10847dfd49e8ba36ada5208ba0a34af7d26c8ef4e6
037c91ae192376b1e3ccd33cab9a2c126f93ffef87af3baec4e6bcdfaa474fc45e16d488567687ec
2b66b22a5e26a95af362ab60c602dfc2b5f7e6a49f0e092627177a9c07a90145dfdaab7955c524ce
94a9169101adac8c249a8e0da28039e7285aafcfc73d46df160be5610e26c8ca88841d2d3952cbf8

Rodada 7
Após θ
3ea2521c8addd39cd8832097357e697a42f922a4d96b1075d8eebd73b6e7fc21d55aee8913e05f06
247032d92852c306af635967f19ec0341381aef4cd7d9f802c5e717334d37a32efc3b250843d3244
b605b0e8a3efb4db0220f244d8a8b8aa2ed3ae0bceaf59670002fb013bb4be56129f910abec5414e
9e1f936ce4ea6b30128e8a18b5304b7af4b7b740d60e6befe3f33d42965af0d79353eefbbd76e26c
21d037d7bb616ee6c576af75d1b2ad5f691afe2b8e3d2416d2efa2bf9fd53958c40d58afd1e10d5a

Após ρ + π
3ea2521c8addd39c7516ef094cf33a965d707ecd3a7399760bfe7a7cbe47c85283167103d66b7478
7bce1f82edde3b672343f43e2c0b45d8b62d80451f7da7dd11a31666494fc2514dc37fc5b187c422
b007412e6bfcd2f4e044a02b7d73df27687dad0004f603766c9353eefbbd76e2b9998740df5cef86
00ff32a8d6724f9c8d22356c40022793aa0a80c81361a3e2b577fadb5b206b87efa2bf9fd53958d2
50be0869f61a449dafb8399a693d191605dfe2202789cf48d9c8d5d7603c3f2615dbbdd645cbb67e

Após χ
36c242d8b8dd52fc7798ef39c8f77a96dd707fce7a5bad5e375e7860b6d34bd6c202dc0292495c7a
efe21fc3feaa996222c1e21c6c0905d8fa6de9c4affda3ff23af16640517f9144dc29ff9b18680ba
b83e4c2e6b78d2a4e4c6f2c5867aaba7f975290000b68a726c9513c0db1d6692f9d92741cb5fe285
22f7b228c513cffc98574f7f08026f96e08a85cc9778b3b2b52afafb59626c8b62a2badbd53978d1
50f9ca49f09a82d577b82c4d2909293001ccca20224a4f1099ecd5fed22c7fa7badb8c444ceeaf7c

Após ι
b7424258b8dd527c7798ef39c8f77a96dd707fce7a5bad5e375e7860b6d34bd6c202dc0292495c7a
efe21fc3feaa996222c1e21c6c0905d8fa6de9c4affda3ff23af16640517f9144dc29ff9b18680ba
b83e4c2e6b78d2a4e4c6f2c5867aaba7f975290000b68a726c9513c0db1d6692f9d92741cb5fe285
22f7b228c513cffc98574f7f08026f96e08a85cc9778b3b2b52afafb59626c8b62a2badbd53978d1
50f9ca49f09a82d577b82c4d2909293001ccca20224a4f1099ecd5fed22c7fa7badb8c444ceeaf7c

Rodada 8
Após θ
a5c228d8ce849e0b9b5466201135dee72b44469ebefbb0e855b12ccc347fe176b3815d6b40d23220
fd62754388f35515ce0d6b05b5cba1a90c59d0946b5dbe49414042c887bb53b43c411e90631deee0
aabe26ae1d211ed3080a7bdc5fb80fd60f411050c41697c40e7a476c59b1cc32885aa62819c48cdf
3077d8a8b34a038b749bc666d1c0cbe716bebc9c53d8ae04d7c5ae57dbcec62b13213bb207a2168b
4279a0c986c34ea29b74a554f0cb8d41f7f8f370e6ea52a6fb0381525080d507cb580d2d9e75c126

Após ρ + π
a5c228d8ce849e0b5650bb1c9aeadcb08022b6b8247e0882d978e5bad8f56adbb0c93256438b675d
f3176e5715cbc24ce10ece13e40139d656f53571ed08f198d82c1a78f99c6ed31e7f1ece5c5dcaf4
37a9cc40226abccf12431634e55a976f6299651cf48ed8b28b13213bb207a2163b890ae581261b0e
929601990dec5a0384385f55d12f5637582328ec717fe13e57020b5f5ece296c0381525080d507fb
0a9191a7ef3e2cfa2021e4c3dd29da20940c62c66f442d53516795061661eeb06dd29552c12f3706

Após χ
25e02c78ea909e090f08fa1e426bbee9a0a3a4fc27740d86dc7aed3254f1f2d9e2d9a15253e127ed
e5e65f371cc302446906c41bf495379550a631f7e94971bc392c7a69f81e6edb1e779ecebc5df366
5731ad4832eef45f9b411617e75bb56b52116fd8f5aec1ba8f33e53b904f06d73bcb18d14436182e
ca9521312dbcfb0b83385c46dfaf5e7758a278ecf16ee7adc7140ad653e6716c07a90c1450d603cf
9e9d93a3cd7a09a9614271c3cd081880b89c6296ae4a3c55536695a33871e6484df2f112d12ee506

Após ι
2c602c78ea909e890f08fa1e426bbee9a0a3a4fc27740d86dc7aed3254f1f2d9e2d9a15253e127ed
e5e65f371cc302446906c41bf495379550a631f7e94971bc392c7a69f81e6edb1e779ecebc5df366
5731ad4832eef45f9b411617e75bb56b52116fd8f5aec1ba8f33e53b904f06d73bcb18d14436182e
ca9521312dbcfb0b83385c46dfaf5e7758a278ecf16ee7adc7140ad653e6716c07a90c1450d603cf
9e9d93a3cd7a09a9614271c3cd081880b89c6296ae4a3c55536695a33871e6484df2f112d12ee506

Rodada 9
Após θ
9e34fc1d47e6402541e356d8af7ee92942b97b40ca186d84842db90c64a2c07988b1956d4d201e7d
57b28f52b1b5dce827ed68dd19806055b2bcee4b042511be617b2e57c84d5c7b741faaf1a29ccaf6
e5657d2d9f982af3d5aabad10a4ee2abb00bb06418c2a1b8d764b105a01c347751a32cee5af721be
78c1f15480ca25a7cdd3f08032ba09b7bab8a7501c0287af9f435ee863b543cc6dc1382b4e173a5f
2cc943c6600cd7052fa9dd05201d4f405a86bd2a43265c570b31c19d0822d4e8279ac52dcfefdc96

Após ρ + π
9e34fc1d47e64025d69d01085675d28e25c3100ec5855d807688f973c80b7dacb7e5896671cbf33b
260a9c47d892cb40a96c4ff7a11a2fca2f2feb6bf9c454991e504637e1b6791acbb05765c884eb4a
82c6adb05ffdd253af2caffb124149843968eeaec9620b405f6dc1382b4e173a5c17b0240f198331
02f1e8438cad6c6b155bcb8d7e25fb28af56abea462b3889c3575ddc53280e8131c19d0822d4e80b
50ee1e9032461ba13d972be426aebdb077adfb10dfa85116a900954b4ef182e3bda4761780743c01

Após χ
bf76ec1bc6664d258495e8795e7ff2a2a4a6100af445df937e988d6ace2f7da8f76c886661da61b1
20093c4f80569b51b93c4be3a12806c8ee8ffa2bf1c4d6d93a5ace35f1a4791a42d414d5e98ccfc0
9286edb496dfd013e929aeeb304d5dbe397adeaacd738b41ddadcca87baa4778713fb26f0f198ab5
a8f5c8218ca76cea555a9f996f25fd289fd62bea66ffd883c1673d9fdf010ae124cb9e8450d47b0b
12c6ce80eb465ba7b5972faf26ff3f51630999045fac6d16e94a9dcb7cf3814390b5577384dc9811

Após ι
3576ec1bc6664d258495e8795e7ff2a2a4a6100af445df937e988d6ace2f7da8f76c886661da61b1
20093c4f80569b51b93c4be3a12806c8ee8ffa2bf1c4d6d93a5ace35f1a4791a42d414d5e98ccfc0
9286edb496dfd013e929aeeb304d5dbe397adeaacd738b41ddadcca87baa4778713fb26f0f198ab5
a8f5c8218ca76cea555a9f996f25fd289fd62bea66ffd883c1673d9fdf010ae124cb9e8450d47b0b
12c6ce80eb465ba7b5972faf26ff3f51630999045fac6d16e94a9dcb7cf3814390b5577384dc9811

Rodada 10
Após θ
2c1571bf99a05da1a646def30b32acb4f26ef30bbd2225ef10e6c4589900c48b3cbad047e814cb8d
396aa1ebdf908bd59bef7d69f46558deb847192ab8a32ca554248707a68bc03989024cf4604265fc
8be57010c919c097cbfa9861650003a86fb23dab8414713db3d3859a2c85fe5bbae9ea4e86d72089
b1965585d3617c6e7789a9133a68a33ec91ec8eb2f9822ffaf1974ad882eb3c2ef1dc6a5d91ad137
0ba55324b4804b239744192573b2614735c17a0516cb976a8734d4f92bdc38605b630f520d12322d

Após ρ + π
2c1571bf99a05da197465f86e5bdf9de5925a488eb7993ed6556f83583ae15d14ccbd6d883548384
0940bc08614e8c9554c69f28c0440f265c2c878348ce00be7542076dd4e72e312658afc062f952ad
4d8dbce71764586929ee51860aee284b0afdb766a70b355937ef1dc6a5d91ad12e8d2c944e91d002
a7586ee4d1853e42fe0db9589da316baa02eeb638695010c91ff640fe4f5174c34d4f92bdc386087
bcdbfc42af48c9bb92c303d345e01c2a27c36b9044dd74750aa7c3f8dc622dab5d126594ccc9861d

Após χ
6434d1b793e05f80b31407b3e53bfdce51aca240eb2911e94542d9129b0e49f0df89d8d8e74923da
0168bc8b69c48c0d75849f44546521275e342f036ad650327c421765d5e1a22172deace0e2f9518f
4f9c1a87b2654d791cec59060a3e22cb02fd9776ed0bf55b76ef8da5b4bd12b80eef6d94461bf000
a77a2cc7d3913f46efdcbd54fdc300fa842e72439e9d618f12f762cbe570090c6cd16833d01a603f
99db9442af55a9ee9ae783bbddc215a072d34f944454f661aa6e5bbaff6264095f1266058c69921d

Após ι
ec34d1b793e05f80b31407b3e53bfdce51aca240eb2911e94542d9129b0e49f0df89d8d8e74923da
0168bc8b69c48c0d75849f44546521275e342f036ad650327c421765d5e1a22172deace0e2f9518f
4f9c1a87b2654d791cec59060a3e22cb02fd9776ed0bf55b76ef8da5b4bd12b80eef6d94461bf000
a77a2cc7d3913f46efdcbd54fdc300fa842e72439e9d618f12f762cbe570090c6cd16833d01a603f
99db9442af55a9ee9ae783bbddc215a072d34f944454f661aa6e5bbaff6264095f1266058c69921d

Rodada 11
Após θ
22c03810bafbf906d9448749bcc5b34e1006a918b1c9d2489e2dd0c412838b70103c3c066f03a60e
cf9c552c40df2a8b1fd41fbe0d9b6fa71f9e245b30369393a72d1eb35c6c60a1bd6b483e6ab3d45b
8168f3209b7eebff76bcd9fc53c06c4b43579c2eb7eb36faad8084733d30d038c15a894ace5175d4
698ec560fa8a99c0858c3daea43d4e7ac584791bc47da22ec9986b1d6cfdcb8ca3648ced5850e5eb
572f7de5864e0f68f0b70341843c5b20337944cc1eb435c07101526c76efa68990a782db042317c9

Após ρ + π
22c03810bafbf906e1dbb0f976fa41fd74b95db7d11fbae27f99311973ad83ad4532e4a9e036c1c8
31b808e7d9024d2c4bbdd5bb86e4a3360f449b07d9f45bffc795b4c749af90b1268f88d983b60678
b2890e93788b679de48727c9168ccde460a0715a0109e77aeba3648ced5850e53da05dbdf4951b3a
1b307580e0e1317802f4adb2f8cc59c52dd9f166f34f01b3519762c2bc0de23e01526c76efa68971
84412a466cb23412168f592e36b0d0d325e7a83aea60ad44c1f4153381d31c8bc0df0e0411f26c81

Após χ
36e075163bfe4304eadb90f1545a40f0749b9917510dfaa25d5929096964bbab84296440a436c131
35f802e3801215e58b2cf17b86ef23362f4e931f5be45db7d6a5b4e111afd9b56c8a5dc18552a46a
b2a95e81798a45876f84234dfadcdd6174a0686b118cec6069aa668ee552346079a67cf5f291935a
363925c4e3e2314a52f2af32f4ccbbc92d99fd52b0ed08f24bb77342bc4cd2360196e444f7aac1f4
a5218a56a4f21916d69f4c2f3723c05825eca23efa40cd44c5f43571edd30c99d2515f2c03f2ac40

Após ι
3f6075963bfe4304eadb90f1545a40f0749b9917510dfaa25d5929096964bbab84296440a436c131
35f802e3801215e58b2cf17b86ef23362f4e931f5be45db7d6a5b4e111afd9b56c8a5dc18552a46a
b2a95e81798a45876f84234dfadcdd6174a0686b118cec6069aa668ee552346079a67cf5f291935a
363925c4e3e2314a52f2af32f4ccbbc92d99fd52b0ed08f24bb77342bc4cd2360196e444f7aac1f4
a5218a56a4f21916d69f4c2f3723c05825eca23efa40cd44c5f43571edd30c99d2515f2c03f2ac40

Rodada 12
Após θ
699fc93fcb5e53dc8ef26c8973bc664d27af426622862f37ffdde93f76f60203be6ed5d862dd3f94
6307be4a70b2053def050d03a109058b7c7a486e286f8822742174d70e3d601d56cdec5943b95acf
e456e228892a555f0baddf35dd3afbdc2794b31a620739f5cb2ea6b8fac08dc843e1cd6d347a6dff
60c6996d1342219236db534ad32a9d747ead2623c366dd67e933b374a3de6b9e3bd155dc31413f51
f3de36ff545209ceb2b6b05710c5e6e576d8794f89cb18d16770f547f241b531e816eeb4c51952e5

Após ρ + π
699fc93fcb5e53dc30109a50b0f85ed0d5103bc8a93fa19c7bcd337d66966ed45439ba853b6d7186
672f30f0df9dfe63abf56cd5cc9e359422b712474954a9fa4a695aa593ce667b0e3bef29711923da
1ce5d912e778cd9a089f1e921bca1ba2811b91975d4c71f5513bd155dc31413f2538cf7bdbfc5349
ebfea1f475abc61604275bd03376e0ab732fb47ed774ebecee33bf56939161b370f547f241b53167
c9ab909988e1cbcd10ba6b871eb00eba361abdb6ffa1f0e6db26844224c18c33cbdac25e41149b97

Após χ
ac9fe8b7c259f2d01add9a65f6781090d120b348b056b09e524b7247a6846c8c4439a8c50bcd7d86
672d22f2dedd7609e3bd24755e14739526a5b74f2945a87a2b6d4a751d4aba5a86eba32c711b224e
9de55817a37cadcf58bf5ed29bfb1ba8a51b9fbd5e8063b549fec155f831cdad2522c9fbc37e4169
98f605dab1abcd52883750d033f7e0b863ebf4de9750fba865391f52a79ba7a374f41df243e111ce
efab04a969e03b89d99e6bc71ef002ab36c2ffaabeb5e362db0794c3ac20cc7bdbcaa95857049fa5

Após ι
a69fe837c259f2d01add9a65f6781090d120b348b056b09e524b7247a6846c8c4439a8c50bcd7d86
672d22f2dedd7609e3bd24755e14739526a5b74f2945a87a2b6d4a751d4aba5a86eba32c711b224e
9de55817a37cadcf58bf5ed29bfb1ba8a51b9fbd5e8063b549fec155f831cdad2522c9fbc37e4169
98f605dab1abcd52883750d033f7e0b863ebf4de9750fba865391f52a79ba7a374f41df243e111ce
efab04a969e03b89d99e6bc71ef002ab36c2ffaabeb5e362db0794c3ac20cc7bdbcaa95857049fa5

Rodada 13
Após θ
0fbc2824523457673eb928594c26096b3c9b8d713f4eca66c4600ff913692f829dcbfc708cefb2be
ce0ee2e14eb0d3bec7d99649e44a6a6ecb1e8976a65dd282bd4637cba8a7f9545f19f799f639ed76
34c69804331108787cdbecee21a5025348a0a184d198194ddfd5bceb4ddc8ea3fcd09d4e445c8e51
31d5c5c921c668e5ac53e2ec89a9f9438e50cae718488150f31262ec1276e4adad064947c4c3def6
4688c4baf98d9e3efdfad9fba4ae1b50db79c19331ad999a4d2ce97d19cd8f750238fdedd026509d

Após ρ + π
0fbc2824523457679944aea4e6769c6d258cc6cc6842020d8ebc755e428c5dc254a7004e7f3bb409
91f622480cf6903fd36ef795719f699fa331c624988940c09c3d31357f88754a3b2f7832a6355373
7c7251b2984c12d6e0b247a29d6997b4b81d47bfab79d79bf6ad064947c4c3de7afa182112ebe637
7c97f5ed5ce68763ee043bedebec201e4cf16db3bb87940a40284728e5730ca42ce97d19cd8f754d
cf6663dc8f93b219a39b65d4d37caa5e27222ec7287ee84e93438cd1ca63aa8bf5eb67ef93ba6e40

Após χ
2b34686c5a34556713749fb6e4fac1af758fc6cc5571a20485a45d7e42881ea4c4e786cedb793c01
b1e7226884f6907fcf62c684169f5c9580338e2618bc42f11ced337d774af5467927ada7d73c3af3
647f51afba5c52dda61247e2d9ed97f0b04f5f9fbb52f3baf2ad47dbcfc0d31efa7a1e2117ca6317
7c66b1ff4ce51363ee0c39e5af9c28ba603055a2b30be543103ec7ccf5138e86aee977196e875551
cb4669dfa791f21933dae5c4117da8df438a4de939e6ac0e99478cc1c6623a92d57263efc3d66606

Após ι
a0b468ec5a34556713749fb6e4fac1af758fc6cc5571a20485a45d7e42881ea4c4e786cedb793c01
b1e7226884f6907fcf62c684169f5c9580338e2618bc42f11ced337d774af5467927ada7d73c3af3
647f51afba5c52dda61247e2d9ed97f0b04f5f9fbb52f3baf2ad47dbcfc0d31efa7a1e2117ca6317
7c66b1ff4ce51363ee0c39e5af9c28ba603055a2b30be543103ec7ccf5138e86aee977196e875551
cb4669dfa791f21933dae5c4117da8df438a4de939e6ac0e99478cc1c6623a92d57263efc3d66606

Rodada 14
Após θ
d330ccb1c739178a1dea42c193f403141766c19753ff307a9aaf103c5347e9c2a363620c0cdf5d97
c263863519fbd292c1fc1bf361919e2ee2da897d1e32d08f03e67e3f668502201ea34965009a5b65
17fbf5f227511030a88c9a95aee3554bd2a658c4bddc61c4eda60a99de0f24789dfefae3c06c0281
0fe215a2d1e8518ee092e492d892ea0102d952f9b585773d0f358a8ee4dc79e0c96d93dbb92134c7
b8c2cd823a9cb0f43d4438b366736a6421634ab23f683e70864cc183d7adcdf4b2f6872d14700790

Após ρ + π
d330ccb1c739178a311f16e9e912ccbf22eee50e239636c53b0ffca146d1919c01a4acfd610b05dc
75942eacf90ac133b955e6319a5406a0b9d8af973f8982805c125b523d005c92644c49f607cd072e
3ad4858227e90728a3b876629f870cf41f48f0da4d1532bdc7c96d93dbb92134c2d2e30a370bea70
f8eeba1c1d13636093b12f2d293c66582da1326a56ba8e57bb1e816ca9fcdac24cc183d7adcdf486
8559f0e5d43f8cde73bf1fb34201900171603681c04e7ffd44a3d1a31c1fc42bf510e1cc9acda991

Após χ
d1d02db7c5bd25ca281e0e48ad534da7224ee552029c3285e91fbca1c0e1839e21abbeb54909cde9
751c272adc834133fd57b6719a545ab29994af333d4481ac4d827d5ac5029c83ec0d89e7059901ae
2694051a67f9352163397b630d2f0df41f5a72d26917f8fdffcd6913db59243c43fa916aaf0de2a4
d4eeaa5e4b91eb6701afae29807836d8696030f952bbaa530b30b964b9eed9a24fd086f68de1f09e
8519d0e55471e322773cde915e101003c07016cd428e566d44eac182582dc06587b6eede98cdb990

Após ι
5ad02db7c5bd254a281e0e48ad534da7224ee552029c3285e91fbca1c0e1839e21abbeb54909cde9
751c272adc834133fd57b6719a545ab29994af333d4481ac4d827d5ac5029c83ec0d89e7059901ae
2694051a67f9352163397b630d2f0df41f5a72d26917f8fdffcd6913db59243c43fa916aaf0de2a4
d4eeaa5e4b91eb6701afae29807836d8696030f952bbaa530b30b964b9eed9a24fd086f68de1f09e
8519d0e55471e322773cde915e101003c07016cd428e566d44eac182582dc06587b6eede98cdb990

Rodada 15
Após θ
9c2d8462fa8d3ad36b91467a41807b6fcbb9f7ad982e4a7369fb3e076a78fbae857f85c3b43e5d35
b3e18effe3b35eaabed8fe4376876c7a7063bdcca7f6f95acd66fffc6f9be4b348d9b291f8ae9172
e069accf58c92ab820b63351e1fc3b3cf6ad602df3a5800b7f29ebb571c05c0ce72eaa1c523a7278
1213038b74a1f4fe4220e61b6cab001080972206c809d2a58bd43bc21377a192eb04bd8070d66042
43e479306b41fcbb34b396a3b2c326cb29870432d83c2e9bc40e4324f2b4b8552362d5a865fa294c

Após ρ + π
9c2d8462fa8d3ad33f6477c8a6e78bed6b992f055cb06f052e5472917a4778e20ad38858356a997e
86b7ef9ab6ef73a01a2987942d1b89ef054f637dc64a56c17c836d15004208c4e59040069bc76533
d6228df48200f7de16dc582ff3a97dbe80b918fe52d66be342eb04bd8070d660f1ef0e91e7c1ac05
f5e9aa29fc2b1ca63f3eeba53a1beef8f080d8ce4485f3efe952c04b1103e4040e4324f2b4b855c4
72ee7d2ba68bd2dcb37ffeb74df2d9660e291d39bc73175516e942e9fd252606d3cc5a8eca0e9b2c

Após χ
dcb48c67a29d5ed33b20275884a09b0f6b1aa74d5998ee19ba7876b3b0c25a632993fbd031081852
83f18ff374af25a062a98b942d1b81eb845f637f5dcf33f27ea4c28d246a1a44fd98400292d7ed7c
56038d248256f59f549e5c2e7389e9be31bd12fe355743e644eb85d9807085baf1335e9a9668a425
3569ba63b8af0da1366ceba42b19eaf8f681fc7ee03de22f18fa4a425900ec2604556576b6a8b79c
7eee7c23168ad4cda3bfbc770cf6f964cf2d053fbe798e7d36cb67c8d9a466d652ddd81a837e920e

Após ι
55348c67a29d5e533b20275884a09b0f6b1aa74d5998ee19ba7876b3b0c25a632993fbd031081852
83f18ff374af25a062a98b942d1b81eb845f637f5dcf33f27ea4c28d246a1a44fd98400292d7ed7c
56038d248256f59f549e5c2e7389e9be31bd12fe355743e644eb85d9807085baf1335e9a9668a425
3569ba63b8af0da1366ceba42b19eaf8f681fc7ee03de22f18fa4a425900ec2604556576b6a8b79c
7eee7c23168ad4cda3bfbc770cf6f964cf2d053fbe798e7d36cb67c8d9a466d652ddd81a837e920e

Rodada 16
Após θ
170d9b205847eb473ec831b2a16928b0afd338a68cbc9005ba4ce876df44400e1116775d50f7f93f
c1c898b48e7590b467419d7e08d232544096fc9488eb4dee7e905c484bec0029c51dcc8ff3280c11
143a9a63788c408b51764ac456405a01f5748d15e0733dfa44df1b1ceff69fd7c9b6d217f7974548
7750ad244275b8b53384fd4e0ed059473248639535199c3318ced4873686f64b3cd0e9fbd75756f1
3cd76b64ec5061d9a657aa9d293f4adb0be49ad46b5df06136fff90db6227cbb6a585497e2817363

Após ρ + π
170d9b205847eb47e987202d437516d4ac009febd1afa76bd07e09c399fad0c6dc981a16d5a578e0
4d04e4a0cb846ef7c21051dcc1fc388fa4d0d11cc363045adfc9013aeb6886b0815c937aad0b3e6c
7d90636443d350603b90253f25e27a93ed3faf89be3738def13cd0e9fbd757568565f35caf91b143
bacfff89b0b8eb82eb5807491b8c8c490544d929115b0169ce1919a4b1ca9a0cfff90db6227cbb36
eb348e29232f64c1482ea4257680143f8bfbcb22a4645be94984ea706befa05a9b5ea976a6fc286d

Após χ
130d04e2c8cd4a6cb9f9202d4b254650a0808dff95aa8f4bd37b88e391b853c1341a3a1bd6956c70
69c464a0c9876aa7991951fee9f4ba2fa4c4435cc7603c1693c965baa9ecc623034c8226ad732e64
b9bfe9e4d9c6502c2b90755f64223d93e97e8c9dba3798df89acd0c9bb9517768765f7478bb19bd0
becb27a9b0ebeaa2214107cdbb0c164d34a4dd3b136f205bce1febad214ada8cbee90df62978bf7f
68e5c52ba34b2f01082a84753d0bb42d19a1ca24207453cc29a4ec796aece4da9b548972f27c3853

Após ι
108d04e2c8cd4aecb9f9202d4b254650a0808dff95aa8f4bd37b88e391b853c1341a3a1bd6956c70
69c464a0c9876aa7991951fee9f4ba2fa4c4435cc7603c1693c965baa9ecc623034c8226ad732e64
b9bfe9e4d9c6502c2b90755f64223d93e97e8c9dba3798df89acd0c9bb9517768765f7478bb19bd0
becb27a9b0ebeaa2214107cdbb0c164d34a4dd3b136f205bce1febad214ada8cbee90df62978bf7f
68e5c52ba34b2f01082a84753d0bb42d19a1ca24207453cc29a4ec796aece4da9b548972f27c3853

Rodada 17
Após θ
c035c1756376d31c2f5ee14b36c442bedfd17f434591944238594a3f1df8b704370fd71788abba3b
b97ca137623cf3570fbe90989415bec1db95b1e0175b271f78eba76625ac22e600596f2af34df82f
69072c73727dc9dcbd37b43919c3397d962f7e216a0c83d6628e121537d5f3b384701a4bd58f4d9b
6e73e23e1b507352b7e6c6abc6ed12a34bf52f87c3543b52253d2971ad0a3e49bdfce0fa77466934
b85d00bc08f0b6f19e8d451340eab0c366f03898f04f48c5c2862ea5e6ac001f9841647eac42ee18

Após ρ + π
c035c1756376d31c894959e11bfce00b0b516318b4b67cf1c127a9a42725ae553b066610991fab90
817f4b8093a5f4d384ff0290f5a632df4e3b609993eb4be678d5b85d62f4d6dc0c1e0713fe09a9d8
5fbcc2976c88857cc776652cf8c5d6c9aae767c51c252a6e34bdfce0fa774669dbc6e37601f022c0
5cd5ddb979b8be4023c6337f95cb177af4f5ded0e6640ce71da9a5fa97c361aa862ea5e6ac001fc2
77f4df505124a5d0f553b312561173bca5eac7a64d42388d7d36a0e6a4dce6c47b36164d00a9c30e

Após χ
c225e36dc774cfec496fd14518fd620f315125082cac7d71011628c14545fe59324e7e9081978b93
cb7f2b8991ecbdf3b43b9ad495b2a6c74a31679b0fe262e6f9b4f0dd635082df089e07039a0babd4
773dc05668a8ad5ad36efd0c1a9792c861a564d31da50aee3085fc61967fc3555b84c65e91b57041
88e411391b9cb6c52ace12558448767276f3ded4ce6412a74578fde3c67bc1aaa52c87a028431ef8
775c9bf45866add1ad479352f68db5fca7ead1af4d63398779f669f6f5d8c214fb35364f06b89122

Após ι
c0a5e36dc774cf6c496fd14518fd620f315125082cac7d71011628c14545fe59324e7e9081978b93
cb7f2b8991ecbdf3b43b9ad495b2a6c74a31679b0fe262e6f9b4f0dd635082df089e07039a0babd4
773dc05668a8ad5ad36efd0c1a9792c861a564d31da50aee3085fc61967fc3555b84c65e91b57041
88e411391b9cb6c52ace12558448767276f3ded4ce6412a74578fde3c67bc1aaa52c87a028431ef8
775c9bf45866add1ad479352f68db5fca7ead1af4d63398779f669f6f5d8c214fb35364f06b89122

Rodada 18
Após θ
ac8f827ba89d3aad5c89004c1feedb6c70b17343cf229124b5501dbeb00c7fb9c158ca07f8cabe5d
a7554a9ffe054832a1dd4bdd92a11fa40bd131d0ec6c8eb34df2c5a29619033ffb88b394e3569e1a
1b17a1400741589bc6882c051d842bab20453298fe2be6bb84c3c91e633642b5a89272c9e8e8458f
e4ce702f747543043f28c35c835bcf113713889f2deafef2f13ec89c3332404a563a3337511e2b36
1b76fae2378f5810b8a1425bf19e0c9fe60a87e4aeedd5d2cdb05c89009143f4082382d87fe5a4ec

Após ρ + π
ac8f827ba89d3aadd42d19fa411adabdc1f45f31df052992064829de07997346293bc28820f65f39
cbf0975b0bd5e10be5a9b18f384b396edcb808053a08c2da986b70eb39e207655ce190dcb5bd5ada
b81201983edcb7d9ec42740c343b9be36c846a0987933dc636563a3337511e2b62416cd8e98bdf3c
57f6ed0ac6523ec0e95f8024735aa5f4ac1a23b2147410ae7ff99b09c4cf1675b05c89009143f4cd
5cecdcd0b3482409f96251cb8c819f266474f4a2475449b95ee8ea8608c89de1e2860a6dc57b327c

Após χ
ad5fc47a36981bafd2253934418288f9e8c79d31ff6325ab82cc29ad8f9053c2791bdb0861f49f29
d3e09f5b09d5239be5eac16539a93c4b98388811be159a401b7b77e833a2a66478e8b05885b742be
b8960b99bd5c93ddfe10643e047b99ca2c852ec14f19fcd2ae443b3321053eea260118dce9a8d71e
53f6ce98c2762ecababe182db3d1a3a52c1e23b20574f026385bff0382df1c7518558924a04b75f9
58f878f0f01c6490e3ea5bcf84090b66c472f4cb82676ba542803e163ac899e043840b66c9faa95a

Após ι
2d5fc47a36981b2fd2253934418288f9e8c79d31ff6325ab82cc29ad8f9053c2791bdb0861f49f29
d3e09f5b09d5239be5eac16539a93c4b98388811be159a401b7b77e833a2a66478e8b05885b742be
b8960b99bd5c93ddfe10643e047b99ca2c852ec14f19fcd2ae443b3321053eea260118dce9a8d71e
53f6ce98c2762ecababe182db3d1a3a52c1e23b20574f026385bff0382df1c7518558924a04b75f9
58f878f0f01c6490e3ea5bcf84090b66c472f4cb82676ba542803e163ac899e043840b66c9faa95a

Rodada 19
Após θ
706b8aafc5d2c672f62f07d5e200d9bfe31c0a7bfeab3ca2ce9c27a8cf58272dae7db3ca25231397
8ed4d18efa9ffec6c1e0ff849a2b6d0d93e31f5bbfdd8349572b79ed736ad28baf8ed89ac160ce00
e5a2454c4e164e80da1a5adfa7f9c88c275eb98b4ed1e5dbe214353661cd4a05f167701ead7f5ba0
0ec2804d313cf3979eb426cc1053f2e327c5b4f804bce92f740bf106c217689acf33e1e6e49cf947
05cc36250356b9cdc7e0652e278b5a20cfa9638183af72ac0ed030137a00ed0f94e263a48d2d25e4

Após ρ + π
706b8aafc5d2c6724fa8b9d2d6100cfe5d748a2edf3ef1ca024d936e21de40f80939a5f81869634b
8c75d2e2cc7982fae60cf0ea88ad190c2c172d6272b270028419624a7edc93d639752c70f0558ef5
ed5f0eaac501b27fd2e4f8c7d66ff7609a950ac4296a6cc247cf33e1e6e49cf9e5361730db940c58
1999b874ed9b552ea8ffe96fec481ded336a6b687d9fe623f49793625a7c02ded030137a00ed0f0e
3887c29eff2a8fe895bcf63935e9c5ab8fd6bf2dd0f833389b6278e62f1d84011c8397b99c2c6a81

Após χ
603f8883ccfc37724da1a892f6d00cce5444aebec71fd2c9720f9969e44cc4c806b994a80a696bc7
8466dfe2be6be2f86604b2e284e19ad815732152f2b37c230019b0c872f493dc5b7d0c78f0d197f1
e54e0caaec01bafd97aec9e610eb67593aa50ed4307a6cc24f863b6be2e52edef796e775c9fa4958
0a99ba74fc0cb72c6c6a796dee281d31334a6b707d1eeb23fd1e3b66b76e52fe7056527100ad07cf
32c5cb9a3f3abdf8859cb6fb1aec41aa8b57383440d859b8bb6638e04c1f016999bba3989ced2a82

Após ι
6abf8883ccfc37724da1a892f6d00cce5444aebec71fd2c9720f9969e44cc4c806b994a80a696bc7
8466dfe2be6be2f86604b2e284e19ad815732152f2b37c230019b0c872f493dc5b7d0c78f0d197f1
e54e0caaec01bafd97aec9e610eb67593aa50ed4307a6cc24f863b6be2e52edef796e775c9fa4958
0a99ba74fc0cb72c6c6a796dee281d31334a6b707d1eeb23fd1e3b66b76e52fe7056527100ad07cf
32c5cb9a3f3abdf8859cb6fb1aec41aa8b57383440d859b8bb6638e04c1f016999bba3989ced2a82

Rodada 20
Após θ
82fa3fcf4fc3f5f8f975274edb50890bf76991264f582ba737fe568c8259843c1ac7d0ae3f058adc
6c2368ae3d542072d2d03d3ea9611f1db65e1eca7af4854d45e87f2d14e1d3284703487ec5bd76ea
0d0bbbe66f3e7877237a463a3d6be29c9988314cb83d95ac0a77f48e84f06e2aebe8a373fc96a843
e2dc0d387f3375a6d8bef6b1c3a898f4906754e8f559124db8eff483d17b120a6c28167735c1e6d4
da807cd6bc057f7231483927376cc46f287a07acc89fa0d6fe97f7052a0a419d85c5e79ea981cb99

Após ρ + π
82fa3fcf4fc3f5f8e3931af6d1210ddd61c2eda964cd448c4f4201f79d7e307a726661f1b9676ae0
9845c873e36fc5286ba77e3480e457dc6b58d8357ff3c1bb3e761815931edbd745ef8015f913d41a
f2eb4e9cb6a1121793ad9787b21e7d61e1dd5414eee81d09d46c28167735c1e6fcc96903f259f316
2950e4d6388676fdda430522c73682e6738ee819e9f4ac898926c8332af4fa2c97f7052a0a419dfe
7d5aa4c913d6cae9f4bf168af0699422397e4bd4a175f4d170fe66ea4cc5b91bc520e59cdcb011bf

Após χ
82badac66b0fb5f8ed931aa048133daf51e68da944cc0e0ccfda1ff9dbfea562136761c1294762e5
981d48729c7c450b7f817e3400e84d982ad1583517f2c5b3a67650779172daf7264db611f993c6ce
92bb0e8cfa41121f878dbf85a30bbd87c95c15156ea02f19d64e2e8a7395c1e7fdcdf800f2479e76
08dc0ccf10465af452630500c536d0c2655fed11e9f5a95ba12628e71a72982d45f4040acd711dfc
741aed9d12c2aa38b43f32a0bce99d28bc7ecac03145f47548a466ab4f83735b4585f79e3c9905bd

Após ι
88bada466b0fb578ed931aa048133daf51e68da944cc0e0ccfda1ff9dbfea562136761c1294762e5
981d48729c7c450b7f817e3400e84d982ad1583517f2c5b3a67650779172daf7264db611f993c6ce
92bb0e8cfa41121f878dbf85a30bbd87c95c15156ea02f19d64e2e8a7395c1e7fdcdf800f2479e76
08dc0ccf10465af452630500c536d0c2655fed11e9f5a95ba12628e71a72982d45f4040acd711dfc
741aed9d12c2aa38b43f32a0bce99d28bc7ecac03145f47548a466ab4f83735b4585f79e3c9905bd

Rodada 21
Após θ
a6abdf619d2b97d1c4dda9fb8df85d1e0ee53f880e33255e34bd4128982758d2b8b2b55d5ac312a1
b60c4d556a5867a256cfcd6fc5032d2975d2ea145d0deee15d110ea6d2ab27478d98628d8a17b68a
bcaa0bab0c6530b6aec30cde66e0dd36965fa734245f044b2d29705b304c3c5756182c9c81c3ee32
26cd09e8e662785d7b2db65b00ddb0733a5c5f30a30a82095a41763659ab659dee21d096bef56db8
5a0be8bae4e688919d7181fb7902fd99e37d78e17bbadf27b3c3387a0c5a8eebee5023024f1d75f9

Após ρ + π
a6abdf619d2b97d1fc563cd09262f5dca521f92258b2fc3ab5ac532bc8ce266b5dbe3bd488c05347
7982254dd31b848261abd88829d6a878e5555d58652883b1760ba01b766eafc5bc0f2f7c4ff7fb64
88bb53f71bf1bb3c789db43a4557837b9878ae5a52e0b660b8ee21d096bef56d23466a2da0eb929b
1a9608c595adedd2a58675266acbd054dbb80e33789b8177c1041dae2f985105c3387a0c5a8eebb3
43f90fa2c34c8997080753e9d593a3aecec06177192b0c16d0cdc5f0ba4c9a1376c605eee709f467

Após χ
a78a1e43d5bb9ff3ecda3ed9122ef79ded33d1f658b2ad3e17ad970adde5a2fb05ea1b448a80334b
fdd6201d9733870373a1788b3b90843c6d51523c6cb9d391378ba01ae666ab47bc26f7fc6733d31c
08db59b709518f3c581bb5bac149c2769b78e47772a1b4f2305730028daedc495342ce25e4ed92d8
40ae02d485bdecf1a58264aa6dcb8054d9806c33289d2bc5d9821d6faab9554566380f2e30ccfbb7
85392fb4cb648587180ad76977d731afe8c261795c2a6872d1f4cff0ba0893837ec055a7f39ad64f

Após ι
260a1ec3d5bb9f73ecda3ed9122ef79ded33d1f658b2ad3e17ad970adde5a2fb05ea1b448a80334b
fdd6201d9733870373a1788b3b90843c6d51523c6cb9d391378ba01ae666ab47bc26f7fc6733d31c
08db59b709518f3c581bb5bac149c2769b78e47772a1b4f2305730028daedc495342ce25e4ed92d8
40ae02d485bdecf1a58264aa6dcb8054d9806c33289d2bc5d9821d6faab9554566380f2e30ccfbb7
85392fb4cb648587180ad76977d731afe8c261795c2a6872d1f4cff0ba0893837ec055a7f39ad64f

Rodada 22
Após θ
20ace781fb64c15caffaa03e72141b72a7d53bc6e7608a74d9180dd57be995ff31cd5bdb261cdc0d
fb70d95fb9ecd92c3081e66c5baa68d327b7b80cd36bf4dbf93e3ac5406a9c438801b763cbaf3c5a
0e7da0f5278ed1131b3b2b5da1732e99d19e0e47cd7393b8fee2aadd2ba2eb4d67658eba48717d9e
4608fb96ab62b2dee6a2fa4d0df16cbb93668603974f0c8f173787b00cb56241521f4fb19c5014f1
839fd6f6e5bbdba85b2a498e17eddd40a2248b49e3f84f381f41552f1c04a4874ae715385f063909

Após ρ + π
20ace781fb64c15cceb6a58a360d1368386a9e9bc48df674562ce8e2e61096a14e82d27905ce9741
975ef99f8dd150bdcaa38518703bb6fc70e803ad3f718c9ebfa9219e6dd75c54946431691cff0947
5ef5417de42836e4f6c92d2ec3f41afd44d79bfcc555bb57f1521f4fb19c50146ea30e7e5adb97ef
e1e06e8869deda3695cb9ecdb20f97fd646eecac7485ceb986c74933c381cb2741552f1c04a4871f
69f58ef1399822dd1f9d622035cea17c5da4b83ecfb332472d57c564bd8d10f66da924395eb47703

Após χ
10e4fd903be4254888b2c5ea141d13e930e88c82c543f7347600cd621c30d6bd8090d27301c78561
a716fb3a829158bf45a2a50a30bde6bc70ac13cc2f598d9dbcb3e908ecd70cecdcc535696cd5af07
5ee3d3ade02997e647c9292df37c5afd4a769bcc8f163cbce1065e4e15bc7014ceab227c590f9ff6
81c40ea82d5e9236174a9fde310f96fb257ecaa070a1caa1266709b3aadb9307555ebf5996a582d6
29d516eff3a930de3fce276005c2a1cc1d0c98278d8355462d034fa49c85102a7ba144395af2f623

Após ι
9064fd903be425c888b2c5ea141d13e930e88c82c543f7347600cd621c30d6bd8090d27301c78561
a716fb3a829158bf45a2a50a30bde6bc70ac13cc2f598d9dbcb3e908ecd70cecdcc535696cd5af07
5ee3d3ade02997e647c9292df37c5afd4a769bcc8f163cbce1065e4e15bc7014ceab227c590f9ff6
81c40ea82d5e9236174a9fde310f96fb257ecaa070a1caa1266709b3aadb9307555ebf5996a582d6
29d516eff3a930de3fce276005c2a1cc1d0c98278d8355462d034fa49c85102a7ba144395af2f623

Rodada 23
Após θ
69de2171058dd4922cb2a4a0a3ebe975d217049780593d7b3c43e76b748b8d84224075c1dc953dfb
5eac27dbbcf8a9e5e1a2c440874b1c2092539bd96a4347d2f6f0c301846c57d57e1592dbb187179d
a7590f4cde4066bce3c94867448aa061a88913d9ca0cf6f3ab4574477d072b2d6c7b85ce845d276c
787ed2491337636cb34afe9486f96c67c78142b535bb00ee6c2423bac260c83ef78e18eb4bf73a4c
d06fca0ecdc0c1849bce462ab2345b50fff31032c8999f09674065adf43e4b13d971e38b87a04eb9

Após ρ + π
69de2171058dd4920c74b8c401122e4ac85666b09f474d9c0cd9878d64445718536e76dcf8e221a8
b7d848c83374be4678d1e95721b91d7b3dcd7a60f20632e39fd2309fed6c56c97f1e420639f333e1
5864494147d7d3ebb4e4d466b6dad0910e565a568be88efa4cf78e18eb4bf73a071342bf293b3403
aeecd91701aa0be6cd8b9f5aeec57ab2868d27239d11298200f7e340a1da9a5d4065adf43e4b1367
f405c1256056cf9ef8e10042b6ab6a7b67c2ae1336b6bd4293266ec6d8f0fca46d3a1ba9c8d26c41

Após χ
a9dc67419bc8950608fd39c961123c4a9b7016e007e56d3c244986ac6149830a574eee58f8f00be0
b2d45ae8e1729cc6fac3e9c82cd159735dc13860e29513c31f123857ef68dacf371fe311397a32d8
527643514ef7dd81f445506ed6d9a1910d561af18bd88efb14938758ad8f34d2a393d69999333413
ace8f93610ba0ae6cdf95f1ace0fe8efc68d2b97831028a0ae7fb343a07a92dd0166abbcd00e6377
f3076f3460425a9e68c540867eeb2adf0bdabf3a36b4bd030323aec2f8f47f3a65da1beb5e7b4c20

Após ι
a8dc67c19bc8950608fd39c961123c4a9b7016e007e56d3c244986ac6149830a574eee58f8f00be0
b2d45ae8e1729cc6fac3e9c82cd159735dc13860e29513c31f123857ef68dacf371fe311397a32d8
527643514ef7dd81f445506ed6d9a1910d561af18bd88efb14938758ad8f34d2a393d69999333413
ace8f93610ba0ae6cdf95f1ace0fe8efc68d2b97831028a0ae7fb343a07a92dd0166abbcd00e6377
f3076f3460425a9e68c540867eeb2adf0bdabf3a36b4bd030323aec2f8f47f3a65da1beb5e7b4c20

Rodada 24
Após θ
482d32a11af8ba4a120c900a92be723d3d1ec057da5b6b456c04f07e17dca355fbf81b8f0bba8263
52250f886042b38ae032400bdf7d1704fbafeed73f2b15ba575f4e8599fdfa909ba916c6ca30bb5b
b2871631cfc7f2cdeeb4f9ad2575efe6ab38cc46566688825cdef18adb1a148d0f25234e6a79bd90
4c19ac56918a25aad708f6d93da3a69860e3fd205eae2ed9e632c591d6efb282add05e6b2344eaf4
13f63a54e17275d27234e9458d4764a8adb4698deb0abb7a4b6ed8108e615f65c96cee3cad31c5a3

Após ρ + π
482d32a11af8ba4ab4f0dd7741002e0336b23243145cc5615d56d05ca638d2faf168329b3b4f6b4c
c13d5ac54600ef77b3bbb5996a61ac0c963db488793e966f3ebb67d414f31ac19536ad715d6157af
24182015247de57aeefeabfbf5cf4a8535281ab9bce315b7f4add05e6b2344ead5494fd8eb5085cb
d0151cdbc7df785c082634ab2855f2809bbbd3e6b796d4bd976cb0f17e102f576ed8108e615f654b
8f07f095f6d65a512fa7c2cc7e7dc8ab27b5bc5ec8879211ad22154b54993258cad1a417351e91a1

Após χ
4a2f10a10ea47b2afdb41d6be3203c99969a10c00d1bec655553d07ca68842f845b8ffcd7a4f6f4d
c5395ac5571efd149b39f6cd6ea0a48c17393ca9303ed3417eb2355016f3b291a7b40869750057a7
351830152c5df0482e7b6bbdb6cf0acd346815393cb394b6d4bdf05b6f0e24da1fafc4323ad28f4e
438cdf9f505d7c610c6214ba6055d9c2f32bd3e8b6d994b50769bca0f890374366fa30ae495fe7cb
8f17cc8776544841a7a5c3cd6a65e8e365641c4ae98113b0a82445cb96597808ea71a65f3d37110b

Após ι
42af10210ea47baafdb41d6be3203c99969a10c00d1bec655553d07ca68842f845b8ffcd7a4f6f4d
c5395ac5571efd149b39f6cd6ea0a48c17393ca9303ed3417eb2355016f3b291a7b40869750057a7
351830152c5df0482e7b6bbdb6cf0acd346815393cb394b6d4bdf05b6f0e24da1fafc4323ad28f4e
438cdf9f505d7c610c6214ba6055d9c2f32bd3e8b6d994b50769bca0f890374366fa30ae495fe7cb
8f17cc8776544841a7a5c3cd6a65e8e365641c4ae98113b0a82445cb96597808ea71a65f3d37110b

Após permutação total
42af10210ea47baafdb41d6be3203c99969a10c00d1bec655553d07ca68842f845b8ffcd7a4f6f4d
c5395ac5571efd149b39f6cd6ea0a48c17393ca9303ed3417eb2355016f3b291a7b40869750057a7
351830152c5df0482e7b6bbdb6cf0acd346815393cb394b6d4bdf05b6f0e24da1fafc4323ad28f4e
438cdf9f505d7c610c6214ba6055d9c2f32bd3e8b6d994b50769bca0f890374366fa30ae495fe7cb
8f17cc8776544841a7a5c3cd6a65e8e365641c4ae98113b0a82445cb96597808ea71a65f3d37110b

Resultado final
42af10210ea47baafdb41d6be3203c99969a10c00d1bec655553d07c
